<?xml version="1.0" encoding="UTF-8"?>
<!-- Generated by org.testng.reporters.JUnitReportReporter -->
<testsuite hostname="SAMBASIVA" failures="0" tests="1" name="FBTests.FBLoginTests" time="5.099" errors="0" timestamp="2023-08-05T22:48:03 IST" skipped="0">
  <testcase classname="FBTests.FBLoginTests" name="FBLoginTest1231" time="5.099"/>
</testsuite> <!-- FBTests.FBLoginTests -->
